The system is: Windows - 10.0.22000 - AMD64
Compiling the C compiler identification source file "CMakeCCompilerId.c" succeeded.
Compiler: C:/Program Files/Microsoft Visual Studio/2022/Community/VC/Tools/MSVC/14.31.31103/bin/Hostx86/x86/cl.exe 
Build flags: 
Id flags:  

The output was:
0
Microsoft (R) C/C++ Optimizing Compiler Version 19.31.31104 for x86
Copyright (C) Microsoft Corporation.  All rights reserved.

CMakeCCompilerId.c
Microsoft (R) Incremental Linker Version 14.31.31104.0
Copyright (C) Microsoft Corporation.  All rights reserved.

/out:CMakeCCompilerId.exe 
CMakeCCompilerId.obj 


Compilation of the C compiler identification source "CMakeCCompilerId.c" produced "CMakeCCompilerId.exe"

Compilation of the C compiler identification source "CMakeCCompilerId.c" produced "CMakeCCompilerId.obj"

The C compiler identification is MSVC, found in "C:/Users/Carter/personal/warden/cmake-build-debug/CMakeFiles/3.22.3/CompilerIdC/CMakeCCompilerId.exe"

Compiling the CXX compiler identification source file "CMakeCXXCompilerId.cpp" succeeded.
Compiler: C:/Program Files/Microsoft Visual Studio/2022/Community/VC/Tools/MSVC/14.31.31103/bin/Hostx86/x86/cl.exe 
Build flags: 
Id flags:  

The output was:
0
Microsoft (R) C/C++ Optimizing Compiler Version 19.31.31104 for x86
Copyright (C) Microsoft Corporation.  All rights reserved.

CMakeCXXCompilerId.cpp
Microsoft (R) Incremental Linker Version 14.31.31104.0
Copyright (C) Microsoft Corporation.  All rights reserved.

/out:CMakeCXXCompilerId.exe 
CMakeCXXCompilerId.obj 


Compilation of the CXX compiler identification source "CMakeCXXCompilerId.cpp" produced "CMakeCXXCompilerId.exe"

Compilation of the CXX compiler identification source "CMakeCXXCompilerId.cpp" produced "CMakeCXXCompilerId.obj"

The CXX compiler identification is MSVC, found in "C:/Users/Carter/personal/warden/cmake-build-debug/CMakeFiles/3.22.3/CompilerIdCXX/CMakeCXXCompilerId.exe"

Detecting C compiler ABI info compiled with the following output:
Change Dir: C:/Users/Carter/personal/warden/cmake-build-debug/CMakeFiles/CMakeTmp

Run Build Command(s):C:/Users/Carter/AppData/Local/JetBrains/Toolbox/apps/CLion/ch-0/221.5080.224/bin/ninja/win/ninja.exe cmTC_8e902 && [1/2] Building C object CMakeFiles\cmTC_8e902.dir\CMakeCCompilerABI.c.obj
[2/2] Linking C executable cmTC_8e902.exe



Detecting CXX compiler ABI info compiled with the following output:
Change Dir: C:/Users/Carter/personal/warden/cmake-build-debug/CMakeFiles/CMakeTmp

Run Build Command(s):C:/Users/Carter/AppData/Local/JetBrains/Toolbox/apps/CLion/ch-0/221.5080.224/bin/ninja/win/ninja.exe cmTC_4a348 && [1/2] Building CXX object CMakeFiles\cmTC_4a348.dir\CMakeCXXCompilerABI.cpp.obj
[2/2] Linking CXX executable cmTC_4a348.exe



